2023-06-07T13:42:14+00:00 CRITICAL Uncaught Error: Call to undefined function yith_wcwl_count_all_products() in /home/k/kiselev983/vertt_ucreateweb_ru/public_html/wp-content/themes/oceanwp-child/functions.php:197
Stack trace:
#0 /home/k/kiselev983/vertt_ucreateweb_ru/public_html/wp-includes/shortcodes.php(355): yith_wcwl_get_items_count('', '', 'yith_wcwl_items...')
#1 [internal function]: do_shortcode_tag(Array)
#2 /home/k/kiselev983/vertt_ucreateweb_ru/public_html/wp-includes/shortcodes.php(227): preg_replace_callback('/\\[(\\[?)(yith_w...', 'do_shortcode_ta...', '[yith_wcwl_item...')
#3 /home/k/kiselev983/vertt_ucreateweb_ru/public_html/wp-content/themes/oceanwp-child/header.php(83): do_shortcode('[yith_wcwl_item...')
#4 /home/k/kiselev983/vertt_ucreateweb_ru/public_html/wp-includes/template.php(783): require_once('/home/k/kiselev...')
#5 /home/k/kiselev983/vertt_ucreateweb_ru/public_html/wp-includes/template.php(718): load_template('/home/k/kiselev...', true, Array)
#6 /home/k/kiselev983/vertt_ucreateweb_ru/public_html/wp-includes/general-template.php(48): locate_template(Array, true, true, Array)
#7 /home/k/kiselev983/vertt_ucreateweb_ru/public_html/wp-content/plugins/fluid-checkout/templates/fc/checkout-page-template/checkout/page-checkout.php(26): get_header('checkout')
#8 /home/k/kiselev983/vertt_ucreateweb_ru/public_html/wp-includes/template-loader.php(106): include('/home/k/kiselev...')
#9 /home/k/kiselev983/vertt_ucreateweb_ru/public_html/wp-blog-header.php(19): require_once('/home/k/kiselev...')
#10 /home/k/kiselev983/vertt_ucreateweb_ru/public_html/index.php(17): require('/home/k/kiselev...')
#11 {main}
  thrown in /home/k/kiselev983/vertt_ucreateweb_ru/public_html/wp-content/themes/oceanwp-child/functions.php on line 197

2023-06-07T13:42:15+00:00 CRITICAL Uncaught Error: Call to undefined function yith_wcwl_count_all_products() in /home/k/kiselev983/vertt_ucreateweb_ru/public_html/wp-content/themes/oceanwp-child/functions.php:197
Stack trace:
#0 /home/k/kiselev983/vertt_ucreateweb_ru/public_html/wp-includes/shortcodes.php(355): yith_wcwl_get_items_count('', '', 'yith_wcwl_items...')
#1 [internal function]: do_shortcode_tag(Array)
#2 /home/k/kiselev983/vertt_ucreateweb_ru/public_html/wp-includes/shortcodes.php(227): preg_replace_callback('/\\[(\\[?)(yith_w...', 'do_shortcode_ta...', '[yith_wcwl_item...')
#3 /home/k/kiselev983/vertt_ucreateweb_ru/public_html/wp-content/themes/oceanwp-child/header.php(83): do_shortcode('[yith_wcwl_item...')
#4 /home/k/kiselev983/vertt_ucreateweb_ru/public_html/wp-includes/template.php(783): require_once('/home/k/kiselev...')
#5 /home/k/kiselev983/vertt_ucreateweb_ru/public_html/wp-includes/template.php(718): load_template('/home/k/kiselev...', true, Array)
#6 /home/k/kiselev983/vertt_ucreateweb_ru/public_html/wp-includes/general-template.php(48): locate_template(Array, true, true, Array)
#7 /home/k/kiselev983/vertt_ucreateweb_ru/public_html/wp-content/themes/oceanwp-child/404.php(3): get_header()
#8 /home/k/kiselev983/vertt_ucreateweb_ru/public_html/wp-includes/template-loader.php(106): include('/home/k/kiselev...')
#9 /home/k/kiselev983/vertt_ucreateweb_ru/public_html/wp-blog-header.php(19): require_once('/home/k/kiselev...')
#10 /home/k/kiselev983/vertt_ucreateweb_ru/public_html/index.php(17): require('/home/k/kiselev...')
#11 {main}
  thrown in /home/k/kiselev983/vertt_ucreateweb_ru/public_html/wp-content/themes/oceanwp-child/functions.php on line 197

2023-06-07T13:42:15+00:00 CRITICAL Uncaught Error: Call to undefined function yith_wcwl_count_all_products() in /home/k/kiselev983/vertt_ucreateweb_ru/public_html/wp-content/themes/oceanwp-child/functions.php:197
Stack trace:
#0 /home/k/kiselev983/vertt_ucreateweb_ru/public_html/wp-includes/shortcodes.php(355): yith_wcwl_get_items_count('', '', 'yith_wcwl_items...')
#1 [internal function]: do_shortcode_tag(Array)
#2 /home/k/kiselev983/vertt_ucreateweb_ru/public_html/wp-includes/shortcodes.php(227): preg_replace_callback('/\\[(\\[?)(yith_w...', 'do_shortcode_ta...', '[yith_wcwl_item...')
#3 /home/k/kiselev983/vertt_ucreateweb_ru/public_html/wp-content/themes/oceanwp-child/header.php(83): do_shortcode('[yith_wcwl_item...')
#4 /home/k/kiselev983/vertt_ucreateweb_ru/public_html/wp-includes/template.php(783): require_once('/home/k/kiselev...')
#5 /home/k/kiselev983/vertt_ucreateweb_ru/public_html/wp-includes/template.php(718): load_template('/home/k/kiselev...', true, Array)
#6 /home/k/kiselev983/vertt_ucreateweb_ru/public_html/wp-includes/general-template.php(48): locate_template(Array, true, true, Array)
#7 /home/k/kiselev983/vertt_ucreateweb_ru/public_html/wp-content/themes/oceanwp-child/404.php(3): get_header()
#8 /home/k/kiselev983/vertt_ucreateweb_ru/public_html/wp-includes/template-loader.php(106): include('/home/k/kiselev...')
#9 /home/k/kiselev983/vertt_ucreateweb_ru/public_html/wp-blog-header.php(19): require_once('/home/k/kiselev...')
#10 /home/k/kiselev983/vertt_ucreateweb_ru/public_html/index.php(17): require('/home/k/kiselev...')
#11 {main}
  thrown in /home/k/kiselev983/vertt_ucreateweb_ru/public_html/wp-content/themes/oceanwp-child/functions.php on line 197

2023-06-07T13:42:24+00:00 CRITICAL Uncaught Error: Call to undefined function yith_wcwl_count_all_products() in /home/k/kiselev983/vertt_ucreateweb_ru/public_html/wp-content/themes/oceanwp-child/functions.php:197
Stack trace:
#0 /home/k/kiselev983/vertt_ucreateweb_ru/public_html/wp-includes/shortcodes.php(355): yith_wcwl_get_items_count('', '', 'yith_wcwl_items...')
#1 [internal function]: do_shortcode_tag(Array)
#2 /home/k/kiselev983/vertt_ucreateweb_ru/public_html/wp-includes/shortcodes.php(227): preg_replace_callback('/\\[(\\[?)(yith_w...', 'do_shortcode_ta...', '[yith_wcwl_item...')
#3 /home/k/kiselev983/vertt_ucreateweb_ru/public_html/wp-content/themes/oceanwp-child/header.php(83): do_shortcode('[yith_wcwl_item...')
#4 /home/k/kiselev983/vertt_ucreateweb_ru/public_html/wp-includes/template.php(783): require_once('/home/k/kiselev...')
#5 /home/k/kiselev983/vertt_ucreateweb_ru/public_html/wp-includes/template.php(718): load_template('/home/k/kiselev...', true, Array)
#6 /home/k/kiselev983/vertt_ucreateweb_ru/public_html/wp-includes/general-template.php(48): locate_template(Array, true, true, Array)
#7 /home/k/kiselev983/vertt_ucreateweb_ru/public_html/wp-content/themes/oceanwp-child/front-page.php(6): get_header()
#8 /home/k/kiselev983/vertt_ucreateweb_ru/public_html/wp-includes/template-loader.php(106): include('/home/k/kiselev...')
#9 /home/k/kiselev983/vertt_ucreateweb_ru/public_html/wp-blog-header.php(19): require_once('/home/k/kiselev...')
#10 /home/k/kiselev983/vertt_ucreateweb_ru/public_html/index.php(17): require('/home/k/kiselev...')
#11 {main}
  thrown in /home/k/kiselev983/vertt_ucreateweb_ru/public_html/wp-content/themes/oceanwp-child/functions.php on line 197

2023-06-07T13:42:25+00:00 CRITICAL Uncaught Error: Call to undefined function yith_wcwl_count_all_products() in /home/k/kiselev983/vertt_ucreateweb_ru/public_html/wp-content/themes/oceanwp-child/functions.php:197
Stack trace:
#0 /home/k/kiselev983/vertt_ucreateweb_ru/public_html/wp-includes/shortcodes.php(355): yith_wcwl_get_items_count('', '', 'yith_wcwl_items...')
#1 [internal function]: do_shortcode_tag(Array)
#2 /home/k/kiselev983/vertt_ucreateweb_ru/public_html/wp-includes/shortcodes.php(227): preg_replace_callback('/\\[(\\[?)(yith_w...', 'do_shortcode_ta...', '[yith_wcwl_item...')
#3 /home/k/kiselev983/vertt_ucreateweb_ru/public_html/wp-content/themes/oceanwp-child/header.php(83): do_shortcode('[yith_wcwl_item...')
#4 /home/k/kiselev983/vertt_ucreateweb_ru/public_html/wp-includes/template.php(783): require_once('/home/k/kiselev...')
#5 /home/k/kiselev983/vertt_ucreateweb_ru/public_html/wp-includes/template.php(718): load_template('/home/k/kiselev...', true, Array)
#6 /home/k/kiselev983/vertt_ucreateweb_ru/public_html/wp-includes/general-template.php(48): locate_template(Array, true, true, Array)
#7 /home/k/kiselev983/vertt_ucreateweb_ru/public_html/wp-content/themes/oceanwp-child/404.php(3): get_header()
#8 /home/k/kiselev983/vertt_ucreateweb_ru/public_html/wp-includes/template-loader.php(106): include('/home/k/kiselev...')
#9 /home/k/kiselev983/vertt_ucreateweb_ru/public_html/wp-blog-header.php(19): require_once('/home/k/kiselev...')
#10 /home/k/kiselev983/vertt_ucreateweb_ru/public_html/index.php(17): require('/home/k/kiselev...')
#11 {main}
  thrown in /home/k/kiselev983/vertt_ucreateweb_ru/public_html/wp-content/themes/oceanwp-child/functions.php on line 197

2023-06-07T13:42:25+00:00 CRITICAL Uncaught Error: Call to undefined function yith_wcwl_count_all_products() in /home/k/kiselev983/vertt_ucreateweb_ru/public_html/wp-content/themes/oceanwp-child/functions.php:197
Stack trace:
#0 /home/k/kiselev983/vertt_ucreateweb_ru/public_html/wp-includes/shortcodes.php(355): yith_wcwl_get_items_count('', '', 'yith_wcwl_items...')
#1 [internal function]: do_shortcode_tag(Array)
#2 /home/k/kiselev983/vertt_ucreateweb_ru/public_html/wp-includes/shortcodes.php(227): preg_replace_callback('/\\[(\\[?)(yith_w...', 'do_shortcode_ta...', '[yith_wcwl_item...')
#3 /home/k/kiselev983/vertt_ucreateweb_ru/public_html/wp-content/themes/oceanwp-child/header.php(83): do_shortcode('[yith_wcwl_item...')
#4 /home/k/kiselev983/vertt_ucreateweb_ru/public_html/wp-includes/template.php(783): require_once('/home/k/kiselev...')
#5 /home/k/kiselev983/vertt_ucreateweb_ru/public_html/wp-includes/template.php(718): load_template('/home/k/kiselev...', true, Array)
#6 /home/k/kiselev983/vertt_ucreateweb_ru/public_html/wp-includes/general-template.php(48): locate_template(Array, true, true, Array)
#7 /home/k/kiselev983/vertt_ucreateweb_ru/public_html/wp-content/themes/oceanwp-child/404.php(3): get_header()
#8 /home/k/kiselev983/vertt_ucreateweb_ru/public_html/wp-includes/template-loader.php(106): include('/home/k/kiselev...')
#9 /home/k/kiselev983/vertt_ucreateweb_ru/public_html/wp-blog-header.php(19): require_once('/home/k/kiselev...')
#10 /home/k/kiselev983/vertt_ucreateweb_ru/public_html/index.php(17): require('/home/k/kiselev...')
#11 {main}
  thrown in /home/k/kiselev983/vertt_ucreateweb_ru/public_html/wp-content/themes/oceanwp-child/functions.php on line 197

2023-06-07T13:42:42+00:00 CRITICAL Uncaught Error: Call to undefined function yith_wcwl_count_all_products() in /home/k/kiselev983/vertt_ucreateweb_ru/public_html/wp-content/themes/oceanwp-child/functions.php:197
Stack trace:
#0 /home/k/kiselev983/vertt_ucreateweb_ru/public_html/wp-includes/shortcodes.php(355): yith_wcwl_get_items_count('', '', 'yith_wcwl_items...')
#1 [internal function]: do_shortcode_tag(Array)
#2 /home/k/kiselev983/vertt_ucreateweb_ru/public_html/wp-includes/shortcodes.php(227): preg_replace_callback('/\\[(\\[?)(yith_w...', 'do_shortcode_ta...', '[yith_wcwl_item...')
#3 /home/k/kiselev983/vertt_ucreateweb_ru/public_html/wp-content/themes/oceanwp-child/header.php(83): do_shortcode('[yith_wcwl_item...')
#4 /home/k/kiselev983/vertt_ucreateweb_ru/public_html/wp-includes/template.php(783): require_once('/home/k/kiselev...')
#5 /home/k/kiselev983/vertt_ucreateweb_ru/public_html/wp-includes/template.php(718): load_template('/home/k/kiselev...', true, Array)
#6 /home/k/kiselev983/vertt_ucreateweb_ru/public_html/wp-includes/general-template.php(48): locate_template(Array, true, true, Array)
#7 /home/k/kiselev983/vertt_ucreateweb_ru/public_html/wp-content/plugins/fluid-checkout/templates/fc/checkout-page-template/checkout/page-checkout.php(26): get_header('checkout')
#8 /home/k/kiselev983/vertt_ucreateweb_ru/public_html/wp-includes/template-loader.php(106): include('/home/k/kiselev...')
#9 /home/k/kiselev983/vertt_ucreateweb_ru/public_html/wp-blog-header.php(19): require_once('/home/k/kiselev...')
#10 /home/k/kiselev983/vertt_ucreateweb_ru/public_html/index.php(17): require('/home/k/kiselev...')
#11 {main}
  thrown in /home/k/kiselev983/vertt_ucreateweb_ru/public_html/wp-content/themes/oceanwp-child/functions.php on line 197

2023-06-07T13:42:44+00:00 CRITICAL Uncaught Error: Call to undefined function yith_wcwl_count_all_products() in /home/k/kiselev983/vertt_ucreateweb_ru/public_html/wp-content/themes/oceanwp-child/functions.php:197
Stack trace:
#0 /home/k/kiselev983/vertt_ucreateweb_ru/public_html/wp-includes/shortcodes.php(355): yith_wcwl_get_items_count('', '', 'yith_wcwl_items...')
#1 [internal function]: do_shortcode_tag(Array)
#2 /home/k/kiselev983/vertt_ucreateweb_ru/public_html/wp-includes/shortcodes.php(227): preg_replace_callback('/\\[(\\[?)(yith_w...', 'do_shortcode_ta...', '[yith_wcwl_item...')
#3 /home/k/kiselev983/vertt_ucreateweb_ru/public_html/wp-content/themes/oceanwp-child/header.php(83): do_shortcode('[yith_wcwl_item...')
#4 /home/k/kiselev983/vertt_ucreateweb_ru/public_html/wp-includes/template.php(783): require_once('/home/k/kiselev...')
#5 /home/k/kiselev983/vertt_ucreateweb_ru/public_html/wp-includes/template.php(718): load_template('/home/k/kiselev...', true, Array)
#6 /home/k/kiselev983/vertt_ucreateweb_ru/public_html/wp-includes/general-template.php(48): locate_template(Array, true, true, Array)
#7 /home/k/kiselev983/vertt_ucreateweb_ru/public_html/wp-content/themes/oceanwp-child/404.php(3): get_header()
#8 /home/k/kiselev983/vertt_ucreateweb_ru/public_html/wp-includes/template-loader.php(106): include('/home/k/kiselev...')
#9 /home/k/kiselev983/vertt_ucreateweb_ru/public_html/wp-blog-header.php(19): require_once('/home/k/kiselev...')
#10 /home/k/kiselev983/vertt_ucreateweb_ru/public_html/index.php(17): require('/home/k/kiselev...')
#11 {main}
  thrown in /home/k/kiselev983/vertt_ucreateweb_ru/public_html/wp-content/themes/oceanwp-child/functions.php on line 197

2023-06-07T13:42:44+00:00 CRITICAL Uncaught Error: Call to undefined function yith_wcwl_count_all_products() in /home/k/kiselev983/vertt_ucreateweb_ru/public_html/wp-content/themes/oceanwp-child/functions.php:197
Stack trace:
#0 /home/k/kiselev983/vertt_ucreateweb_ru/public_html/wp-includes/shortcodes.php(355): yith_wcwl_get_items_count('', '', 'yith_wcwl_items...')
#1 [internal function]: do_shortcode_tag(Array)
#2 /home/k/kiselev983/vertt_ucreateweb_ru/public_html/wp-includes/shortcodes.php(227): preg_replace_callback('/\\[(\\[?)(yith_w...', 'do_shortcode_ta...', '[yith_wcwl_item...')
#3 /home/k/kiselev983/vertt_ucreateweb_ru/public_html/wp-content/themes/oceanwp-child/header.php(83): do_shortcode('[yith_wcwl_item...')
#4 /home/k/kiselev983/vertt_ucreateweb_ru/public_html/wp-includes/template.php(783): require_once('/home/k/kiselev...')
#5 /home/k/kiselev983/vertt_ucreateweb_ru/public_html/wp-includes/template.php(718): load_template('/home/k/kiselev...', true, Array)
#6 /home/k/kiselev983/vertt_ucreateweb_ru/public_html/wp-includes/general-template.php(48): locate_template(Array, true, true, Array)
#7 /home/k/kiselev983/vertt_ucreateweb_ru/public_html/wp-content/themes/oceanwp-child/404.php(3): get_header()
#8 /home/k/kiselev983/vertt_ucreateweb_ru/public_html/wp-includes/template-loader.php(106): include('/home/k/kiselev...')
#9 /home/k/kiselev983/vertt_ucreateweb_ru/public_html/wp-blog-header.php(19): require_once('/home/k/kiselev...')
#10 /home/k/kiselev983/vertt_ucreateweb_ru/public_html/index.php(17): require('/home/k/kiselev...')
#11 {main}
  thrown in /home/k/kiselev983/vertt_ucreateweb_ru/public_html/wp-content/themes/oceanwp-child/functions.php on line 197

2023-06-07T13:42:57+00:00 CRITICAL Uncaught Error: Call to undefined function yith_wcwl_count_all_products() in /home/k/kiselev983/vertt_ucreateweb_ru/public_html/wp-content/themes/oceanwp-child/functions.php:197
Stack trace:
#0 /home/k/kiselev983/vertt_ucreateweb_ru/public_html/wp-includes/shortcodes.php(355): yith_wcwl_get_items_count('', '', 'yith_wcwl_items...')
#1 [internal function]: do_shortcode_tag(Array)
#2 /home/k/kiselev983/vertt_ucreateweb_ru/public_html/wp-includes/shortcodes.php(227): preg_replace_callback('/\\[(\\[?)(yith_w...', 'do_shortcode_ta...', '[yith_wcwl_item...')
#3 /home/k/kiselev983/vertt_ucreateweb_ru/public_html/wp-content/themes/oceanwp-child/header.php(83): do_shortcode('[yith_wcwl_item...')
#4 /home/k/kiselev983/vertt_ucreateweb_ru/public_html/wp-includes/template.php(783): require_once('/home/k/kiselev...')
#5 /home/k/kiselev983/vertt_ucreateweb_ru/public_html/wp-includes/template.php(718): load_template('/home/k/kiselev...', true, Array)
#6 /home/k/kiselev983/vertt_ucreateweb_ru/public_html/wp-includes/general-template.php(48): locate_template(Array, true, true, Array)
#7 /home/k/kiselev983/vertt_ucreateweb_ru/public_html/wp-content/plugins/fluid-checkout/templates/fc/checkout-page-template/checkout/page-checkout.php(26): get_header('checkout')
#8 /home/k/kiselev983/vertt_ucreateweb_ru/public_html/wp-includes/template-loader.php(106): include('/home/k/kiselev...')
#9 /home/k/kiselev983/vertt_ucreateweb_ru/public_html/wp-blog-header.php(19): require_once('/home/k/kiselev...')
#10 /home/k/kiselev983/vertt_ucreateweb_ru/public_html/index.php(17): require('/home/k/kiselev...')
#11 {main}
  thrown in /home/k/kiselev983/vertt_ucreateweb_ru/public_html/wp-content/themes/oceanwp-child/functions.php on line 197

2023-06-07T13:42:58+00:00 CRITICAL Uncaught Error: Call to undefined function yith_wcwl_count_all_products() in /home/k/kiselev983/vertt_ucreateweb_ru/public_html/wp-content/themes/oceanwp-child/functions.php:197
Stack trace:
#0 /home/k/kiselev983/vertt_ucreateweb_ru/public_html/wp-includes/shortcodes.php(355): yith_wcwl_get_items_count('', '', 'yith_wcwl_items...')
#1 [internal function]: do_shortcode_tag(Array)
#2 /home/k/kiselev983/vertt_ucreateweb_ru/public_html/wp-includes/shortcodes.php(227): preg_replace_callback('/\\[(\\[?)(yith_w...', 'do_shortcode_ta...', '[yith_wcwl_item...')
#3 /home/k/kiselev983/vertt_ucreateweb_ru/public_html/wp-content/themes/oceanwp-child/header.php(83): do_shortcode('[yith_wcwl_item...')
#4 /home/k/kiselev983/vertt_ucreateweb_ru/public_html/wp-includes/template.php(783): require_once('/home/k/kiselev...')
#5 /home/k/kiselev983/vertt_ucreateweb_ru/public_html/wp-includes/template.php(718): load_template('/home/k/kiselev...', true, Array)
#6 /home/k/kiselev983/vertt_ucreateweb_ru/public_html/wp-includes/general-template.php(48): locate_template(Array, true, true, Array)
#7 /home/k/kiselev983/vertt_ucreateweb_ru/public_html/wp-content/themes/oceanwp-child/404.php(3): get_header()
#8 /home/k/kiselev983/vertt_ucreateweb_ru/public_html/wp-includes/template-loader.php(106): include('/home/k/kiselev...')
#9 /home/k/kiselev983/vertt_ucreateweb_ru/public_html/wp-blog-header.php(19): require_once('/home/k/kiselev...')
#10 /home/k/kiselev983/vertt_ucreateweb_ru/public_html/index.php(17): require('/home/k/kiselev...')
#11 {main}
  thrown in /home/k/kiselev983/vertt_ucreateweb_ru/public_html/wp-content/themes/oceanwp-child/functions.php on line 197

2023-06-07T13:42:58+00:00 CRITICAL Uncaught Error: Call to undefined function yith_wcwl_count_all_products() in /home/k/kiselev983/vertt_ucreateweb_ru/public_html/wp-content/themes/oceanwp-child/functions.php:197
Stack trace:
#0 /home/k/kiselev983/vertt_ucreateweb_ru/public_html/wp-includes/shortcodes.php(355): yith_wcwl_get_items_count('', '', 'yith_wcwl_items...')
#1 [internal function]: do_shortcode_tag(Array)
#2 /home/k/kiselev983/vertt_ucreateweb_ru/public_html/wp-includes/shortcodes.php(227): preg_replace_callback('/\\[(\\[?)(yith_w...', 'do_shortcode_ta...', '[yith_wcwl_item...')
#3 /home/k/kiselev983/vertt_ucreateweb_ru/public_html/wp-content/themes/oceanwp-child/header.php(83): do_shortcode('[yith_wcwl_item...')
#4 /home/k/kiselev983/vertt_ucreateweb_ru/public_html/wp-includes/template.php(783): require_once('/home/k/kiselev...')
#5 /home/k/kiselev983/vertt_ucreateweb_ru/public_html/wp-includes/template.php(718): load_template('/home/k/kiselev...', true, Array)
#6 /home/k/kiselev983/vertt_ucreateweb_ru/public_html/wp-includes/general-template.php(48): locate_template(Array, true, true, Array)
#7 /home/k/kiselev983/vertt_ucreateweb_ru/public_html/wp-content/themes/oceanwp-child/404.php(3): get_header()
#8 /home/k/kiselev983/vertt_ucreateweb_ru/public_html/wp-includes/template-loader.php(106): include('/home/k/kiselev...')
#9 /home/k/kiselev983/vertt_ucreateweb_ru/public_html/wp-blog-header.php(19): require_once('/home/k/kiselev...')
#10 /home/k/kiselev983/vertt_ucreateweb_ru/public_html/index.php(17): require('/home/k/kiselev...')
#11 {main}
  thrown in /home/k/kiselev983/vertt_ucreateweb_ru/public_html/wp-content/themes/oceanwp-child/functions.php on line 197

2023-06-07T13:43:21+00:00 CRITICAL Uncaught Error: Call to undefined function yith_wcwl_count_all_products() in /home/k/kiselev983/vertt_ucreateweb_ru/public_html/wp-content/themes/oceanwp-child/functions.php:197
Stack trace:
#0 /home/k/kiselev983/vertt_ucreateweb_ru/public_html/wp-includes/shortcodes.php(355): yith_wcwl_get_items_count('', '', 'yith_wcwl_items...')
#1 [internal function]: do_shortcode_tag(Array)
#2 /home/k/kiselev983/vertt_ucreateweb_ru/public_html/wp-includes/shortcodes.php(227): preg_replace_callback('/\\[(\\[?)(yith_w...', 'do_shortcode_ta...', '[yith_wcwl_item...')
#3 /home/k/kiselev983/vertt_ucreateweb_ru/public_html/wp-content/themes/oceanwp-child/header.php(83): do_shortcode('[yith_wcwl_item...')
#4 /home/k/kiselev983/vertt_ucreateweb_ru/public_html/wp-includes/template.php(783): require_once('/home/k/kiselev...')
#5 /home/k/kiselev983/vertt_ucreateweb_ru/public_html/wp-includes/template.php(718): load_template('/home/k/kiselev...', true, Array)
#6 /home/k/kiselev983/vertt_ucreateweb_ru/public_html/wp-includes/general-template.php(48): locate_template(Array, true, true, Array)
#7 /home/k/kiselev983/vertt_ucreateweb_ru/public_html/wp-content/plugins/fluid-checkout/templates/fc/checkout-page-template/checkout/page-checkout.php(26): get_header('checkout')
#8 /home/k/kiselev983/vertt_ucreateweb_ru/public_html/wp-includes/template-loader.php(106): include('/home/k/kiselev...')
#9 /home/k/kiselev983/vertt_ucreateweb_ru/public_html/wp-blog-header.php(19): require_once('/home/k/kiselev...')
#10 /home/k/kiselev983/vertt_ucreateweb_ru/public_html/index.php(17): require('/home/k/kiselev...')
#11 {main}
  thrown in /home/k/kiselev983/vertt_ucreateweb_ru/public_html/wp-content/themes/oceanwp-child/functions.php on line 197

2023-06-07T13:43:22+00:00 CRITICAL Uncaught Error: Call to undefined function yith_wcwl_count_all_products() in /home/k/kiselev983/vertt_ucreateweb_ru/public_html/wp-content/themes/oceanwp-child/functions.php:197
Stack trace:
#0 /home/k/kiselev983/vertt_ucreateweb_ru/public_html/wp-includes/shortcodes.php(355): yith_wcwl_get_items_count('', '', 'yith_wcwl_items...')
#1 [internal function]: do_shortcode_tag(Array)
#2 /home/k/kiselev983/vertt_ucreateweb_ru/public_html/wp-includes/shortcodes.php(227): preg_replace_callback('/\\[(\\[?)(yith_w...', 'do_shortcode_ta...', '[yith_wcwl_item...')
#3 /home/k/kiselev983/vertt_ucreateweb_ru/public_html/wp-content/themes/oceanwp-child/header.php(83): do_shortcode('[yith_wcwl_item...')
#4 /home/k/kiselev983/vertt_ucreateweb_ru/public_html/wp-includes/template.php(783): require_once('/home/k/kiselev...')
#5 /home/k/kiselev983/vertt_ucreateweb_ru/public_html/wp-includes/template.php(718): load_template('/home/k/kiselev...', true, Array)
#6 /home/k/kiselev983/vertt_ucreateweb_ru/public_html/wp-includes/general-template.php(48): locate_template(Array, true, true, Array)
#7 /home/k/kiselev983/vertt_ucreateweb_ru/public_html/wp-content/themes/oceanwp-child/404.php(3): get_header()
#8 /home/k/kiselev983/vertt_ucreateweb_ru/public_html/wp-includes/template-loader.php(106): include('/home/k/kiselev...')
#9 /home/k/kiselev983/vertt_ucreateweb_ru/public_html/wp-blog-header.php(19): require_once('/home/k/kiselev...')
#10 /home/k/kiselev983/vertt_ucreateweb_ru/public_html/index.php(17): require('/home/k/kiselev...')
#11 {main}
  thrown in /home/k/kiselev983/vertt_ucreateweb_ru/public_html/wp-content/themes/oceanwp-child/functions.php on line 197

2023-06-07T13:43:22+00:00 CRITICAL Uncaught Error: Call to undefined function yith_wcwl_count_all_products() in /home/k/kiselev983/vertt_ucreateweb_ru/public_html/wp-content/themes/oceanwp-child/functions.php:197
Stack trace:
#0 /home/k/kiselev983/vertt_ucreateweb_ru/public_html/wp-includes/shortcodes.php(355): yith_wcwl_get_items_count('', '', 'yith_wcwl_items...')
#1 [internal function]: do_shortcode_tag(Array)
#2 /home/k/kiselev983/vertt_ucreateweb_ru/public_html/wp-includes/shortcodes.php(227): preg_replace_callback('/\\[(\\[?)(yith_w...', 'do_shortcode_ta...', '[yith_wcwl_item...')
#3 /home/k/kiselev983/vertt_ucreateweb_ru/public_html/wp-content/themes/oceanwp-child/header.php(83): do_shortcode('[yith_wcwl_item...')
#4 /home/k/kiselev983/vertt_ucreateweb_ru/public_html/wp-includes/template.php(783): require_once('/home/k/kiselev...')
#5 /home/k/kiselev983/vertt_ucreateweb_ru/public_html/wp-includes/template.php(718): load_template('/home/k/kiselev...', true, Array)
#6 /home/k/kiselev983/vertt_ucreateweb_ru/public_html/wp-includes/general-template.php(48): locate_template(Array, true, true, Array)
#7 /home/k/kiselev983/vertt_ucreateweb_ru/public_html/wp-content/themes/oceanwp-child/404.php(3): get_header()
#8 /home/k/kiselev983/vertt_ucreateweb_ru/public_html/wp-includes/template-loader.php(106): include('/home/k/kiselev...')
#9 /home/k/kiselev983/vertt_ucreateweb_ru/public_html/wp-blog-header.php(19): require_once('/home/k/kiselev...')
#10 /home/k/kiselev983/vertt_ucreateweb_ru/public_html/index.php(17): require('/home/k/kiselev...')
#11 {main}
  thrown in /home/k/kiselev983/vertt_ucreateweb_ru/public_html/wp-content/themes/oceanwp-child/functions.php on line 197

2023-06-07T13:43:27+00:00 CRITICAL Uncaught Error: Call to undefined function yith_wcwl_count_all_products() in /home/k/kiselev983/vertt_ucreateweb_ru/public_html/wp-content/themes/oceanwp-child/functions.php:197
Stack trace:
#0 /home/k/kiselev983/vertt_ucreateweb_ru/public_html/wp-includes/shortcodes.php(355): yith_wcwl_get_items_count('', '', 'yith_wcwl_items...')
#1 [internal function]: do_shortcode_tag(Array)
#2 /home/k/kiselev983/vertt_ucreateweb_ru/public_html/wp-includes/shortcodes.php(227): preg_replace_callback('/\\[(\\[?)(yith_w...', 'do_shortcode_ta...', '[yith_wcwl_item...')
#3 /home/k/kiselev983/vertt_ucreateweb_ru/public_html/wp-content/themes/oceanwp-child/header.php(83): do_shortcode('[yith_wcwl_item...')
#4 /home/k/kiselev983/vertt_ucreateweb_ru/public_html/wp-includes/template.php(783): require_once('/home/k/kiselev...')
#5 /home/k/kiselev983/vertt_ucreateweb_ru/public_html/wp-includes/template.php(718): load_template('/home/k/kiselev...', true, Array)
#6 /home/k/kiselev983/vertt_ucreateweb_ru/public_html/wp-includes/general-template.php(48): locate_template(Array, true, true, Array)
#7 /home/k/kiselev983/vertt_ucreateweb_ru/public_html/wp-content/themes/oceanwp-child/front-page.php(6): get_header()
#8 /home/k/kiselev983/vertt_ucreateweb_ru/public_html/wp-includes/template-loader.php(106): include('/home/k/kiselev...')
#9 /home/k/kiselev983/vertt_ucreateweb_ru/public_html/wp-blog-header.php(19): require_once('/home/k/kiselev...')
#10 /home/k/kiselev983/vertt_ucreateweb_ru/public_html/index.php(17): require('/home/k/kiselev...')
#11 {main}
  thrown in /home/k/kiselev983/vertt_ucreateweb_ru/public_html/wp-content/themes/oceanwp-child/functions.php on line 197

2023-06-07T13:43:28+00:00 CRITICAL Uncaught Error: Call to undefined function yith_wcwl_count_all_products() in /home/k/kiselev983/vertt_ucreateweb_ru/public_html/wp-content/themes/oceanwp-child/functions.php:197
Stack trace:
#0 /home/k/kiselev983/vertt_ucreateweb_ru/public_html/wp-includes/shortcodes.php(355): yith_wcwl_get_items_count('', '', 'yith_wcwl_items...')
#1 [internal function]: do_shortcode_tag(Array)
#2 /home/k/kiselev983/vertt_ucreateweb_ru/public_html/wp-includes/shortcodes.php(227): preg_replace_callback('/\\[(\\[?)(yith_w...', 'do_shortcode_ta...', '[yith_wcwl_item...')
#3 /home/k/kiselev983/vertt_ucreateweb_ru/public_html/wp-content/themes/oceanwp-child/header.php(83): do_shortcode('[yith_wcwl_item...')
#4 /home/k/kiselev983/vertt_ucreateweb_ru/public_html/wp-includes/template.php(783): require_once('/home/k/kiselev...')
#5 /home/k/kiselev983/vertt_ucreateweb_ru/public_html/wp-includes/template.php(718): load_template('/home/k/kiselev...', true, Array)
#6 /home/k/kiselev983/vertt_ucreateweb_ru/public_html/wp-includes/general-template.php(48): locate_template(Array, true, true, Array)
#7 /home/k/kiselev983/vertt_ucreateweb_ru/public_html/wp-content/themes/oceanwp-child/404.php(3): get_header()
#8 /home/k/kiselev983/vertt_ucreateweb_ru/public_html/wp-includes/template-loader.php(106): include('/home/k/kiselev...')
#9 /home/k/kiselev983/vertt_ucreateweb_ru/public_html/wp-blog-header.php(19): require_once('/home/k/kiselev...')
#10 /home/k/kiselev983/vertt_ucreateweb_ru/public_html/index.php(17): require('/home/k/kiselev...')
#11 {main}
  thrown in /home/k/kiselev983/vertt_ucreateweb_ru/public_html/wp-content/themes/oceanwp-child/functions.php on line 197

2023-06-07T13:43:28+00:00 CRITICAL Uncaught Error: Call to undefined function yith_wcwl_count_all_products() in /home/k/kiselev983/vertt_ucreateweb_ru/public_html/wp-content/themes/oceanwp-child/functions.php:197
Stack trace:
#0 /home/k/kiselev983/vertt_ucreateweb_ru/public_html/wp-includes/shortcodes.php(355): yith_wcwl_get_items_count('', '', 'yith_wcwl_items...')
#1 [internal function]: do_shortcode_tag(Array)
#2 /home/k/kiselev983/vertt_ucreateweb_ru/public_html/wp-includes/shortcodes.php(227): preg_replace_callback('/\\[(\\[?)(yith_w...', 'do_shortcode_ta...', '[yith_wcwl_item...')
#3 /home/k/kiselev983/vertt_ucreateweb_ru/public_html/wp-content/themes/oceanwp-child/header.php(83): do_shortcode('[yith_wcwl_item...')
#4 /home/k/kiselev983/vertt_ucreateweb_ru/public_html/wp-includes/template.php(783): require_once('/home/k/kiselev...')
#5 /home/k/kiselev983/vertt_ucreateweb_ru/public_html/wp-includes/template.php(718): load_template('/home/k/kiselev...', true, Array)
#6 /home/k/kiselev983/vertt_ucreateweb_ru/public_html/wp-includes/general-template.php(48): locate_template(Array, true, true, Array)
#7 /home/k/kiselev983/vertt_ucreateweb_ru/public_html/wp-content/themes/oceanwp-child/404.php(3): get_header()
#8 /home/k/kiselev983/vertt_ucreateweb_ru/public_html/wp-includes/template-loader.php(106): include('/home/k/kiselev...')
#9 /home/k/kiselev983/vertt_ucreateweb_ru/public_html/wp-blog-header.php(19): require_once('/home/k/kiselev...')
#10 /home/k/kiselev983/vertt_ucreateweb_ru/public_html/index.php(17): require('/home/k/kiselev...')
#11 {main}
  thrown in /home/k/kiselev983/vertt_ucreateweb_ru/public_html/wp-content/themes/oceanwp-child/functions.php on line 197

2023-06-07T13:43:47+00:00 CRITICAL Uncaught Error: Call to undefined function yith_wcwl_count_all_products() in /home/k/kiselev983/vertt_ucreateweb_ru/public_html/wp-content/themes/oceanwp-child/functions.php:197
Stack trace:
#0 /home/k/kiselev983/vertt_ucreateweb_ru/public_html/wp-includes/shortcodes.php(355): yith_wcwl_get_items_count('', '', 'yith_wcwl_items...')
#1 [internal function]: do_shortcode_tag(Array)
#2 /home/k/kiselev983/vertt_ucreateweb_ru/public_html/wp-includes/shortcodes.php(227): preg_replace_callback('/\\[(\\[?)(yith_w...', 'do_shortcode_ta...', '[yith_wcwl_item...')
#3 /home/k/kiselev983/vertt_ucreateweb_ru/public_html/wp-content/themes/oceanwp-child/header.php(83): do_shortcode('[yith_wcwl_item...')
#4 /home/k/kiselev983/vertt_ucreateweb_ru/public_html/wp-includes/template.php(783): require_once('/home/k/kiselev...')
#5 /home/k/kiselev983/vertt_ucreateweb_ru/public_html/wp-includes/template.php(718): load_template('/home/k/kiselev...', true, Array)
#6 /home/k/kiselev983/vertt_ucreateweb_ru/public_html/wp-includes/general-template.php(48): locate_template(Array, true, true, Array)
#7 /home/k/kiselev983/vertt_ucreateweb_ru/public_html/wp-content/themes/oceanwp-child/front-page.php(6): get_header()
#8 /home/k/kiselev983/vertt_ucreateweb_ru/public_html/wp-includes/template-loader.php(106): include('/home/k/kiselev...')
#9 /home/k/kiselev983/vertt_ucreateweb_ru/public_html/wp-blog-header.php(19): require_once('/home/k/kiselev...')
#10 /home/k/kiselev983/vertt_ucreateweb_ru/public_html/index.php(17): require('/home/k/kiselev...')
#11 {main}
  thrown in /home/k/kiselev983/vertt_ucreateweb_ru/public_html/wp-content/themes/oceanwp-child/functions.php on line 197

2023-06-07T13:43:48+00:00 CRITICAL Uncaught Error: Call to undefined function yith_wcwl_count_all_products() in /home/k/kiselev983/vertt_ucreateweb_ru/public_html/wp-content/themes/oceanwp-child/functions.php:197
Stack trace:
#0 /home/k/kiselev983/vertt_ucreateweb_ru/public_html/wp-includes/shortcodes.php(355): yith_wcwl_get_items_count('', '', 'yith_wcwl_items...')
#1 [internal function]: do_shortcode_tag(Array)
#2 /home/k/kiselev983/vertt_ucreateweb_ru/public_html/wp-includes/shortcodes.php(227): preg_replace_callback('/\\[(\\[?)(yith_w...', 'do_shortcode_ta...', '[yith_wcwl_item...')
#3 /home/k/kiselev983/vertt_ucreateweb_ru/public_html/wp-content/themes/oceanwp-child/header.php(83): do_shortcode('[yith_wcwl_item...')
#4 /home/k/kiselev983/vertt_ucreateweb_ru/public_html/wp-includes/template.php(783): require_once('/home/k/kiselev...')
#5 /home/k/kiselev983/vertt_ucreateweb_ru/public_html/wp-includes/template.php(718): load_template('/home/k/kiselev...', true, Array)
#6 /home/k/kiselev983/vertt_ucreateweb_ru/public_html/wp-includes/general-template.php(48): locate_template(Array, true, true, Array)
#7 /home/k/kiselev983/vertt_ucreateweb_ru/public_html/wp-content/themes/oceanwp-child/404.php(3): get_header()
#8 /home/k/kiselev983/vertt_ucreateweb_ru/public_html/wp-includes/template-loader.php(106): include('/home/k/kiselev...')
#9 /home/k/kiselev983/vertt_ucreateweb_ru/public_html/wp-blog-header.php(19): require_once('/home/k/kiselev...')
#10 /home/k/kiselev983/vertt_ucreateweb_ru/public_html/index.php(17): require('/home/k/kiselev...')
#11 {main}
  thrown in /home/k/kiselev983/vertt_ucreateweb_ru/public_html/wp-content/themes/oceanwp-child/functions.php on line 197

2023-06-07T13:43:48+00:00 CRITICAL Uncaught Error: Call to undefined function yith_wcwl_count_all_products() in /home/k/kiselev983/vertt_ucreateweb_ru/public_html/wp-content/themes/oceanwp-child/functions.php:197
Stack trace:
#0 /home/k/kiselev983/vertt_ucreateweb_ru/public_html/wp-includes/shortcodes.php(355): yith_wcwl_get_items_count('', '', 'yith_wcwl_items...')
#1 [internal function]: do_shortcode_tag(Array)
#2 /home/k/kiselev983/vertt_ucreateweb_ru/public_html/wp-includes/shortcodes.php(227): preg_replace_callback('/\\[(\\[?)(yith_w...', 'do_shortcode_ta...', '[yith_wcwl_item...')
#3 /home/k/kiselev983/vertt_ucreateweb_ru/public_html/wp-content/themes/oceanwp-child/header.php(83): do_shortcode('[yith_wcwl_item...')
#4 /home/k/kiselev983/vertt_ucreateweb_ru/public_html/wp-includes/template.php(783): require_once('/home/k/kiselev...')
#5 /home/k/kiselev983/vertt_ucreateweb_ru/public_html/wp-includes/template.php(718): load_template('/home/k/kiselev...', true, Array)
#6 /home/k/kiselev983/vertt_ucreateweb_ru/public_html/wp-includes/general-template.php(48): locate_template(Array, true, true, Array)
#7 /home/k/kiselev983/vertt_ucreateweb_ru/public_html/wp-content/themes/oceanwp-child/404.php(3): get_header()
#8 /home/k/kiselev983/vertt_ucreateweb_ru/public_html/wp-includes/template-loader.php(106): include('/home/k/kiselev...')
#9 /home/k/kiselev983/vertt_ucreateweb_ru/public_html/wp-blog-header.php(19): require_once('/home/k/kiselev...')
#10 /home/k/kiselev983/vertt_ucreateweb_ru/public_html/index.php(17): require('/home/k/kiselev...')
#11 {main}
  thrown in /home/k/kiselev983/vertt_ucreateweb_ru/public_html/wp-content/themes/oceanwp-child/functions.php on line 197

2023-06-07T13:44:11+00:00 CRITICAL Uncaught Error: Call to undefined function yith_wcwl_count_all_products() in /home/k/kiselev983/vertt_ucreateweb_ru/public_html/wp-content/themes/oceanwp-child/functions.php:197
Stack trace:
#0 /home/k/kiselev983/vertt_ucreateweb_ru/public_html/wp-includes/shortcodes.php(355): yith_wcwl_get_items_count('', '', 'yith_wcwl_items...')
#1 [internal function]: do_shortcode_tag(Array)
#2 /home/k/kiselev983/vertt_ucreateweb_ru/public_html/wp-includes/shortcodes.php(227): preg_replace_callback('/\\[(\\[?)(yith_w...', 'do_shortcode_ta...', '[yith_wcwl_item...')
#3 /home/k/kiselev983/vertt_ucreateweb_ru/public_html/wp-content/themes/oceanwp-child/header.php(83): do_shortcode('[yith_wcwl_item...')
#4 /home/k/kiselev983/vertt_ucreateweb_ru/public_html/wp-includes/template.php(783): require_once('/home/k/kiselev...')
#5 /home/k/kiselev983/vertt_ucreateweb_ru/public_html/wp-includes/template.php(718): load_template('/home/k/kiselev...', true, Array)
#6 /home/k/kiselev983/vertt_ucreateweb_ru/public_html/wp-includes/general-template.php(48): locate_template(Array, true, true, Array)
#7 /home/k/kiselev983/vertt_ucreateweb_ru/public_html/wp-content/themes/oceanwp-child/front-page.php(6): get_header()
#8 /home/k/kiselev983/vertt_ucreateweb_ru/public_html/wp-includes/template-loader.php(106): include('/home/k/kiselev...')
#9 /home/k/kiselev983/vertt_ucreateweb_ru/public_html/wp-blog-header.php(19): require_once('/home/k/kiselev...')
#10 /home/k/kiselev983/vertt_ucreateweb_ru/public_html/index.php(17): require('/home/k/kiselev...')
#11 {main}
  thrown in /home/k/kiselev983/vertt_ucreateweb_ru/public_html/wp-content/themes/oceanwp-child/functions.php on line 197

2023-06-07T13:44:12+00:00 CRITICAL Uncaught Error: Call to undefined function yith_wcwl_count_all_products() in /home/k/kiselev983/vertt_ucreateweb_ru/public_html/wp-content/themes/oceanwp-child/functions.php:197
Stack trace:
#0 /home/k/kiselev983/vertt_ucreateweb_ru/public_html/wp-includes/shortcodes.php(355): yith_wcwl_get_items_count('', '', 'yith_wcwl_items...')
#1 [internal function]: do_shortcode_tag(Array)
#2 /home/k/kiselev983/vertt_ucreateweb_ru/public_html/wp-includes/shortcodes.php(227): preg_replace_callback('/\\[(\\[?)(yith_w...', 'do_shortcode_ta...', '[yith_wcwl_item...')
#3 /home/k/kiselev983/vertt_ucreateweb_ru/public_html/wp-content/themes/oceanwp-child/header.php(83): do_shortcode('[yith_wcwl_item...')
#4 /home/k/kiselev983/vertt_ucreateweb_ru/public_html/wp-includes/template.php(783): require_once('/home/k/kiselev...')
#5 /home/k/kiselev983/vertt_ucreateweb_ru/public_html/wp-includes/template.php(718): load_template('/home/k/kiselev...', true, Array)
#6 /home/k/kiselev983/vertt_ucreateweb_ru/public_html/wp-includes/general-template.php(48): locate_template(Array, true, true, Array)
#7 /home/k/kiselev983/vertt_ucreateweb_ru/public_html/wp-content/themes/oceanwp-child/404.php(3): get_header()
#8 /home/k/kiselev983/vertt_ucreateweb_ru/public_html/wp-includes/template-loader.php(106): include('/home/k/kiselev...')
#9 /home/k/kiselev983/vertt_ucreateweb_ru/public_html/wp-blog-header.php(19): require_once('/home/k/kiselev...')
#10 /home/k/kiselev983/vertt_ucreateweb_ru/public_html/index.php(17): require('/home/k/kiselev...')
#11 {main}
  thrown in /home/k/kiselev983/vertt_ucreateweb_ru/public_html/wp-content/themes/oceanwp-child/functions.php on line 197

2023-06-07T13:44:12+00:00 CRITICAL Uncaught Error: Call to undefined function yith_wcwl_count_all_products() in /home/k/kiselev983/vertt_ucreateweb_ru/public_html/wp-content/themes/oceanwp-child/functions.php:197
Stack trace:
#0 /home/k/kiselev983/vertt_ucreateweb_ru/public_html/wp-includes/shortcodes.php(355): yith_wcwl_get_items_count('', '', 'yith_wcwl_items...')
#1 [internal function]: do_shortcode_tag(Array)
#2 /home/k/kiselev983/vertt_ucreateweb_ru/public_html/wp-includes/shortcodes.php(227): preg_replace_callback('/\\[(\\[?)(yith_w...', 'do_shortcode_ta...', '[yith_wcwl_item...')
#3 /home/k/kiselev983/vertt_ucreateweb_ru/public_html/wp-content/themes/oceanwp-child/header.php(83): do_shortcode('[yith_wcwl_item...')
#4 /home/k/kiselev983/vertt_ucreateweb_ru/public_html/wp-includes/template.php(783): require_once('/home/k/kiselev...')
#5 /home/k/kiselev983/vertt_ucreateweb_ru/public_html/wp-includes/template.php(718): load_template('/home/k/kiselev...', true, Array)
#6 /home/k/kiselev983/vertt_ucreateweb_ru/public_html/wp-includes/general-template.php(48): locate_template(Array, true, true, Array)
#7 /home/k/kiselev983/vertt_ucreateweb_ru/public_html/wp-content/themes/oceanwp-child/404.php(3): get_header()
#8 /home/k/kiselev983/vertt_ucreateweb_ru/public_html/wp-includes/template-loader.php(106): include('/home/k/kiselev...')
#9 /home/k/kiselev983/vertt_ucreateweb_ru/public_html/wp-blog-header.php(19): require_once('/home/k/kiselev...')
#10 /home/k/kiselev983/vertt_ucreateweb_ru/public_html/index.php(17): require('/home/k/kiselev...')
#11 {main}
  thrown in /home/k/kiselev983/vertt_ucreateweb_ru/public_html/wp-content/themes/oceanwp-child/functions.php on line 197

2023-06-07T13:44:24+00:00 CRITICAL Uncaught Error: Call to undefined function yith_wcwl_count_all_products() in /home/k/kiselev983/vertt_ucreateweb_ru/public_html/wp-content/themes/oceanwp-child/functions.php:197
Stack trace:
#0 /home/k/kiselev983/vertt_ucreateweb_ru/public_html/wp-includes/shortcodes.php(355): yith_wcwl_get_items_count('', '', 'yith_wcwl_items...')
#1 [internal function]: do_shortcode_tag(Array)
#2 /home/k/kiselev983/vertt_ucreateweb_ru/public_html/wp-includes/shortcodes.php(227): preg_replace_callback('/\\[(\\[?)(yith_w...', 'do_shortcode_ta...', '[yith_wcwl_item...')
#3 /home/k/kiselev983/vertt_ucreateweb_ru/public_html/wp-content/themes/oceanwp-child/header.php(83): do_shortcode('[yith_wcwl_item...')
#4 /home/k/kiselev983/vertt_ucreateweb_ru/public_html/wp-includes/template.php(783): require_once('/home/k/kiselev...')
#5 /home/k/kiselev983/vertt_ucreateweb_ru/public_html/wp-includes/template.php(718): load_template('/home/k/kiselev...', true, Array)
#6 /home/k/kiselev983/vertt_ucreateweb_ru/public_html/wp-includes/general-template.php(48): locate_template(Array, true, true, Array)
#7 /home/k/kiselev983/vertt_ucreateweb_ru/public_html/wp-content/themes/oceanwp-child/front-page.php(6): get_header()
#8 /home/k/kiselev983/vertt_ucreateweb_ru/public_html/wp-includes/template-loader.php(106): include('/home/k/kiselev...')
#9 /home/k/kiselev983/vertt_ucreateweb_ru/public_html/wp-blog-header.php(19): require_once('/home/k/kiselev...')
#10 /home/k/kiselev983/vertt_ucreateweb_ru/public_html/index.php(17): require('/home/k/kiselev...')
#11 {main}
  thrown in /home/k/kiselev983/vertt_ucreateweb_ru/public_html/wp-content/themes/oceanwp-child/functions.php on line 197

2023-06-07T13:44:25+00:00 CRITICAL Uncaught Error: Call to undefined function yith_wcwl_count_all_products() in /home/k/kiselev983/vertt_ucreateweb_ru/public_html/wp-content/themes/oceanwp-child/functions.php:197
Stack trace:
#0 /home/k/kiselev983/vertt_ucreateweb_ru/public_html/wp-includes/shortcodes.php(355): yith_wcwl_get_items_count('', '', 'yith_wcwl_items...')
#1 [internal function]: do_shortcode_tag(Array)
#2 /home/k/kiselev983/vertt_ucreateweb_ru/public_html/wp-includes/shortcodes.php(227): preg_replace_callback('/\\[(\\[?)(yith_w...', 'do_shortcode_ta...', '[yith_wcwl_item...')
#3 /home/k/kiselev983/vertt_ucreateweb_ru/public_html/wp-content/themes/oceanwp-child/header.php(83): do_shortcode('[yith_wcwl_item...')
#4 /home/k/kiselev983/vertt_ucreateweb_ru/public_html/wp-includes/template.php(783): require_once('/home/k/kiselev...')
#5 /home/k/kiselev983/vertt_ucreateweb_ru/public_html/wp-includes/template.php(718): load_template('/home/k/kiselev...', true, Array)
#6 /home/k/kiselev983/vertt_ucreateweb_ru/public_html/wp-includes/general-template.php(48): locate_template(Array, true, true, Array)
#7 /home/k/kiselev983/vertt_ucreateweb_ru/public_html/wp-content/themes/oceanwp-child/404.php(3): get_header()
#8 /home/k/kiselev983/vertt_ucreateweb_ru/public_html/wp-includes/template-loader.php(106): include('/home/k/kiselev...')
#9 /home/k/kiselev983/vertt_ucreateweb_ru/public_html/wp-blog-header.php(19): require_once('/home/k/kiselev...')
#10 /home/k/kiselev983/vertt_ucreateweb_ru/public_html/index.php(17): require('/home/k/kiselev...')
#11 {main}
  thrown in /home/k/kiselev983/vertt_ucreateweb_ru/public_html/wp-content/themes/oceanwp-child/functions.php on line 197

2023-06-07T13:44:25+00:00 CRITICAL Uncaught Error: Call to undefined function yith_wcwl_count_all_products() in /home/k/kiselev983/vertt_ucreateweb_ru/public_html/wp-content/themes/oceanwp-child/functions.php:197
Stack trace:
#0 /home/k/kiselev983/vertt_ucreateweb_ru/public_html/wp-includes/shortcodes.php(355): yith_wcwl_get_items_count('', '', 'yith_wcwl_items...')
#1 [internal function]: do_shortcode_tag(Array)
#2 /home/k/kiselev983/vertt_ucreateweb_ru/public_html/wp-includes/shortcodes.php(227): preg_replace_callback('/\\[(\\[?)(yith_w...', 'do_shortcode_ta...', '[yith_wcwl_item...')
#3 /home/k/kiselev983/vertt_ucreateweb_ru/public_html/wp-content/themes/oceanwp-child/header.php(83): do_shortcode('[yith_wcwl_item...')
#4 /home/k/kiselev983/vertt_ucreateweb_ru/public_html/wp-includes/template.php(783): require_once('/home/k/kiselev...')
#5 /home/k/kiselev983/vertt_ucreateweb_ru/public_html/wp-includes/template.php(718): load_template('/home/k/kiselev...', true, Array)
#6 /home/k/kiselev983/vertt_ucreateweb_ru/public_html/wp-includes/general-template.php(48): locate_template(Array, true, true, Array)
#7 /home/k/kiselev983/vertt_ucreateweb_ru/public_html/wp-content/themes/oceanwp-child/404.php(3): get_header()
#8 /home/k/kiselev983/vertt_ucreateweb_ru/public_html/wp-includes/template-loader.php(106): include('/home/k/kiselev...')
#9 /home/k/kiselev983/vertt_ucreateweb_ru/public_html/wp-blog-header.php(19): require_once('/home/k/kiselev...')
#10 /home/k/kiselev983/vertt_ucreateweb_ru/public_html/index.php(17): require('/home/k/kiselev...')
#11 {main}
  thrown in /home/k/kiselev983/vertt_ucreateweb_ru/public_html/wp-content/themes/oceanwp-child/functions.php on line 197

2023-06-07T13:44:47+00:00 CRITICAL Uncaught Error: Call to undefined function yith_wcwl_count_all_products() in /home/k/kiselev983/vertt_ucreateweb_ru/public_html/wp-content/themes/oceanwp-child/functions.php:197
Stack trace:
#0 /home/k/kiselev983/vertt_ucreateweb_ru/public_html/wp-includes/shortcodes.php(355): yith_wcwl_get_items_count('', '', 'yith_wcwl_items...')
#1 [internal function]: do_shortcode_tag(Array)
#2 /home/k/kiselev983/vertt_ucreateweb_ru/public_html/wp-includes/shortcodes.php(227): preg_replace_callback('/\\[(\\[?)(yith_w...', 'do_shortcode_ta...', '[yith_wcwl_item...')
#3 /home/k/kiselev983/vertt_ucreateweb_ru/public_html/wp-content/themes/oceanwp-child/header.php(83): do_shortcode('[yith_wcwl_item...')
#4 /home/k/kiselev983/vertt_ucreateweb_ru/public_html/wp-includes/template.php(783): require_once('/home/k/kiselev...')
#5 /home/k/kiselev983/vertt_ucreateweb_ru/public_html/wp-includes/template.php(718): load_template('/home/k/kiselev...', true, Array)
#6 /home/k/kiselev983/vertt_ucreateweb_ru/public_html/wp-includes/general-template.php(48): locate_template(Array, true, true, Array)
#7 /home/k/kiselev983/vertt_ucreateweb_ru/public_html/wp-content/themes/oceanwp-child/front-page.php(6): get_header()
#8 /home/k/kiselev983/vertt_ucreateweb_ru/public_html/wp-includes/template-loader.php(106): include('/home/k/kiselev...')
#9 /home/k/kiselev983/vertt_ucreateweb_ru/public_html/wp-blog-header.php(19): require_once('/home/k/kiselev...')
#10 /home/k/kiselev983/vertt_ucreateweb_ru/public_html/index.php(17): require('/home/k/kiselev...')
#11 {main}
  thrown in /home/k/kiselev983/vertt_ucreateweb_ru/public_html/wp-content/themes/oceanwp-child/functions.php on line 197

2023-06-07T13:44:58+00:00 CRITICAL Uncaught Error: Call to undefined function yith_wcwl_count_all_products() in /home/k/kiselev983/vertt_ucreateweb_ru/public_html/wp-content/themes/oceanwp-child/functions.php:197
Stack trace:
#0 /home/k/kiselev983/vertt_ucreateweb_ru/public_html/wp-includes/shortcodes.php(355): yith_wcwl_get_items_count('', '', 'yith_wcwl_items...')
#1 [internal function]: do_shortcode_tag(Array)
#2 /home/k/kiselev983/vertt_ucreateweb_ru/public_html/wp-includes/shortcodes.php(227): preg_replace_callback('/\\[(\\[?)(yith_w...', 'do_shortcode_ta...', '[yith_wcwl_item...')
#3 /home/k/kiselev983/vertt_ucreateweb_ru/public_html/wp-content/themes/oceanwp-child/header.php(83): do_shortcode('[yith_wcwl_item...')
#4 /home/k/kiselev983/vertt_ucreateweb_ru/public_html/wp-includes/template.php(783): require_once('/home/k/kiselev...')
#5 /home/k/kiselev983/vertt_ucreateweb_ru/public_html/wp-includes/template.php(718): load_template('/home/k/kiselev...', true, Array)
#6 /home/k/kiselev983/vertt_ucreateweb_ru/public_html/wp-includes/general-template.php(48): locate_template(Array, true, true, Array)
#7 /home/k/kiselev983/vertt_ucreateweb_ru/public_html/wp-content/themes/oceanwp-child/front-page.php(6): get_header()
#8 /home/k/kiselev983/vertt_ucreateweb_ru/public_html/wp-includes/template-loader.php(106): include('/home/k/kiselev...')
#9 /home/k/kiselev983/vertt_ucreateweb_ru/public_html/wp-blog-header.php(19): require_once('/home/k/kiselev...')
#10 /home/k/kiselev983/vertt_ucreateweb_ru/public_html/index.php(17): require('/home/k/kiselev...')
#11 {main}
  thrown in /home/k/kiselev983/vertt_ucreateweb_ru/public_html/wp-content/themes/oceanwp-child/functions.php on line 197

2023-06-07T13:44:58+00:00 CRITICAL Uncaught Error: Call to undefined function yith_wcwl_count_all_products() in /home/k/kiselev983/vertt_ucreateweb_ru/public_html/wp-content/themes/oceanwp-child/functions.php:197
Stack trace:
#0 /home/k/kiselev983/vertt_ucreateweb_ru/public_html/wp-includes/shortcodes.php(355): yith_wcwl_get_items_count('', '', 'yith_wcwl_items...')
#1 [internal function]: do_shortcode_tag(Array)
#2 /home/k/kiselev983/vertt_ucreateweb_ru/public_html/wp-includes/shortcodes.php(227): preg_replace_callback('/\\[(\\[?)(yith_w...', 'do_shortcode_ta...', '[yith_wcwl_item...')
#3 /home/k/kiselev983/vertt_ucreateweb_ru/public_html/wp-content/themes/oceanwp-child/header.php(83): do_shortcode('[yith_wcwl_item...')
#4 /home/k/kiselev983/vertt_ucreateweb_ru/public_html/wp-includes/template.php(783): require_once('/home/k/kiselev...')
#5 /home/k/kiselev983/vertt_ucreateweb_ru/public_html/wp-includes/template.php(718): load_template('/home/k/kiselev...', true, Array)
#6 /home/k/kiselev983/vertt_ucreateweb_ru/public_html/wp-includes/general-template.php(48): locate_template(Array, true, true, Array)
#7 /home/k/kiselev983/vertt_ucreateweb_ru/public_html/wp-content/themes/oceanwp-child/404.php(3): get_header()
#8 /home/k/kiselev983/vertt_ucreateweb_ru/public_html/wp-includes/template-loader.php(106): include('/home/k/kiselev...')
#9 /home/k/kiselev983/vertt_ucreateweb_ru/public_html/wp-blog-header.php(19): require_once('/home/k/kiselev...')
#10 /home/k/kiselev983/vertt_ucreateweb_ru/public_html/index.php(17): require('/home/k/kiselev...')
#11 {main}
  thrown in /home/k/kiselev983/vertt_ucreateweb_ru/public_html/wp-content/themes/oceanwp-child/functions.php on line 197

2023-06-07T13:44:58+00:00 CRITICAL Uncaught Error: Call to undefined function yith_wcwl_count_all_products() in /home/k/kiselev983/vertt_ucreateweb_ru/public_html/wp-content/themes/oceanwp-child/functions.php:197
Stack trace:
#0 /home/k/kiselev983/vertt_ucreateweb_ru/public_html/wp-includes/shortcodes.php(355): yith_wcwl_get_items_count('', '', 'yith_wcwl_items...')
#1 [internal function]: do_shortcode_tag(Array)
#2 /home/k/kiselev983/vertt_ucreateweb_ru/public_html/wp-includes/shortcodes.php(227): preg_replace_callback('/\\[(\\[?)(yith_w...', 'do_shortcode_ta...', '[yith_wcwl_item...')
#3 /home/k/kiselev983/vertt_ucreateweb_ru/public_html/wp-content/themes/oceanwp-child/header.php(83): do_shortcode('[yith_wcwl_item...')
#4 /home/k/kiselev983/vertt_ucreateweb_ru/public_html/wp-includes/template.php(783): require_once('/home/k/kiselev...')
#5 /home/k/kiselev983/vertt_ucreateweb_ru/public_html/wp-includes/template.php(718): load_template('/home/k/kiselev...', true, Array)
#6 /home/k/kiselev983/vertt_ucreateweb_ru/public_html/wp-includes/general-template.php(48): locate_template(Array, true, true, Array)
#7 /home/k/kiselev983/vertt_ucreateweb_ru/public_html/wp-content/themes/oceanwp-child/404.php(3): get_header()
#8 /home/k/kiselev983/vertt_ucreateweb_ru/public_html/wp-includes/template-loader.php(106): include('/home/k/kiselev...')
#9 /home/k/kiselev983/vertt_ucreateweb_ru/public_html/wp-blog-header.php(19): require_once('/home/k/kiselev...')
#10 /home/k/kiselev983/vertt_ucreateweb_ru/public_html/index.php(17): require('/home/k/kiselev...')
#11 {main}
  thrown in /home/k/kiselev983/vertt_ucreateweb_ru/public_html/wp-content/themes/oceanwp-child/functions.php on line 197

2023-06-07T13:45:13+00:00 CRITICAL Uncaught Error: Call to undefined function yith_wcwl_count_all_products() in /home/k/kiselev983/vertt_ucreateweb_ru/public_html/wp-content/themes/oceanwp-child/functions.php:197
Stack trace:
#0 /home/k/kiselev983/vertt_ucreateweb_ru/public_html/wp-includes/shortcodes.php(355): yith_wcwl_get_items_count('', '', 'yith_wcwl_items...')
#1 [internal function]: do_shortcode_tag(Array)
#2 /home/k/kiselev983/vertt_ucreateweb_ru/public_html/wp-includes/shortcodes.php(227): preg_replace_callback('/\\[(\\[?)(yith_w...', 'do_shortcode_ta...', '[yith_wcwl_item...')
#3 /home/k/kiselev983/vertt_ucreateweb_ru/public_html/wp-content/themes/oceanwp-child/header.php(83): do_shortcode('[yith_wcwl_item...')
#4 /home/k/kiselev983/vertt_ucreateweb_ru/public_html/wp-includes/template.php(783): require_once('/home/k/kiselev...')
#5 /home/k/kiselev983/vertt_ucreateweb_ru/public_html/wp-includes/template.php(718): load_template('/home/k/kiselev...', true, Array)
#6 /home/k/kiselev983/vertt_ucreateweb_ru/public_html/wp-includes/general-template.php(48): locate_template(Array, true, true, Array)
#7 /home/k/kiselev983/vertt_ucreateweb_ru/public_html/wp-content/themes/oceanwp-child/front-page.php(6): get_header()
#8 /home/k/kiselev983/vertt_ucreateweb_ru/public_html/wp-includes/template-loader.php(106): include('/home/k/kiselev...')
#9 /home/k/kiselev983/vertt_ucreateweb_ru/public_html/wp-blog-header.php(19): require_once('/home/k/kiselev...')
#10 /home/k/kiselev983/vertt_ucreateweb_ru/public_html/index.php(17): require('/home/k/kiselev...')
#11 {main}
  thrown in /home/k/kiselev983/vertt_ucreateweb_ru/public_html/wp-content/themes/oceanwp-child/functions.php on line 197

2023-06-07T13:45:14+00:00 CRITICAL Uncaught Error: Call to undefined function yith_wcwl_count_all_products() in /home/k/kiselev983/vertt_ucreateweb_ru/public_html/wp-content/themes/oceanwp-child/functions.php:197
Stack trace:
#0 /home/k/kiselev983/vertt_ucreateweb_ru/public_html/wp-includes/shortcodes.php(355): yith_wcwl_get_items_count('', '', 'yith_wcwl_items...')
#1 [internal function]: do_shortcode_tag(Array)
#2 /home/k/kiselev983/vertt_ucreateweb_ru/public_html/wp-includes/shortcodes.php(227): preg_replace_callback('/\\[(\\[?)(yith_w...', 'do_shortcode_ta...', '[yith_wcwl_item...')
#3 /home/k/kiselev983/vertt_ucreateweb_ru/public_html/wp-content/themes/oceanwp-child/header.php(83): do_shortcode('[yith_wcwl_item...')
#4 /home/k/kiselev983/vertt_ucreateweb_ru/public_html/wp-includes/template.php(783): require_once('/home/k/kiselev...')
#5 /home/k/kiselev983/vertt_ucreateweb_ru/public_html/wp-includes/template.php(718): load_template('/home/k/kiselev...', true, Array)
#6 /home/k/kiselev983/vertt_ucreateweb_ru/public_html/wp-includes/general-template.php(48): locate_template(Array, true, true, Array)
#7 /home/k/kiselev983/vertt_ucreateweb_ru/public_html/wp-content/themes/oceanwp-child/404.php(3): get_header()
#8 /home/k/kiselev983/vertt_ucreateweb_ru/public_html/wp-includes/template-loader.php(106): include('/home/k/kiselev...')
#9 /home/k/kiselev983/vertt_ucreateweb_ru/public_html/wp-blog-header.php(19): require_once('/home/k/kiselev...')
#10 /home/k/kiselev983/vertt_ucreateweb_ru/public_html/index.php(17): require('/home/k/kiselev...')
#11 {main}
  thrown in /home/k/kiselev983/vertt_ucreateweb_ru/public_html/wp-content/themes/oceanwp-child/functions.php on line 197

2023-06-07T13:45:14+00:00 CRITICAL Uncaught Error: Call to undefined function yith_wcwl_count_all_products() in /home/k/kiselev983/vertt_ucreateweb_ru/public_html/wp-content/themes/oceanwp-child/functions.php:197
Stack trace:
#0 /home/k/kiselev983/vertt_ucreateweb_ru/public_html/wp-includes/shortcodes.php(355): yith_wcwl_get_items_count('', '', 'yith_wcwl_items...')
#1 [internal function]: do_shortcode_tag(Array)
#2 /home/k/kiselev983/vertt_ucreateweb_ru/public_html/wp-includes/shortcodes.php(227): preg_replace_callback('/\\[(\\[?)(yith_w...', 'do_shortcode_ta...', '[yith_wcwl_item...')
#3 /home/k/kiselev983/vertt_ucreateweb_ru/public_html/wp-content/themes/oceanwp-child/header.php(83): do_shortcode('[yith_wcwl_item...')
#4 /home/k/kiselev983/vertt_ucreateweb_ru/public_html/wp-includes/template.php(783): require_once('/home/k/kiselev...')
#5 /home/k/kiselev983/vertt_ucreateweb_ru/public_html/wp-includes/template.php(718): load_template('/home/k/kiselev...', true, Array)
#6 /home/k/kiselev983/vertt_ucreateweb_ru/public_html/wp-includes/general-template.php(48): locate_template(Array, true, true, Array)
#7 /home/k/kiselev983/vertt_ucreateweb_ru/public_html/wp-content/themes/oceanwp-child/404.php(3): get_header()
#8 /home/k/kiselev983/vertt_ucreateweb_ru/public_html/wp-includes/template-loader.php(106): include('/home/k/kiselev...')
#9 /home/k/kiselev983/vertt_ucreateweb_ru/public_html/wp-blog-header.php(19): require_once('/home/k/kiselev...')
#10 /home/k/kiselev983/vertt_ucreateweb_ru/public_html/index.php(17): require('/home/k/kiselev...')
#11 {main}
  thrown in /home/k/kiselev983/vertt_ucreateweb_ru/public_html/wp-content/themes/oceanwp-child/functions.php on line 197

2023-06-07T13:46:54+00:00 CRITICAL Uncaught Error: Call to undefined function pods() in /home/k/kiselev983/vertt_ucreateweb_ru/public_html/wp-content/themes/oceanwp-child/header.php:342
Stack trace:
#0 /home/k/kiselev983/vertt_ucreateweb_ru/public_html/wp-includes/template.php(783): require_once()
#1 /home/k/kiselev983/vertt_ucreateweb_ru/public_html/wp-includes/template.php(718): load_template('/home/k/kiselev...', true, Array)
#2 /home/k/kiselev983/vertt_ucreateweb_ru/public_html/wp-includes/general-template.php(48): locate_template(Array, true, true, Array)
#3 /home/k/kiselev983/vertt_ucreateweb_ru/public_html/wp-content/plugins/fluid-checkout/templates/fc/checkout-page-template/checkout/page-checkout.php(26): get_header('checkout')
#4 /home/k/kiselev983/vertt_ucreateweb_ru/public_html/wp-includes/template-loader.php(106): include('/home/k/kiselev...')
#5 /home/k/kiselev983/vertt_ucreateweb_ru/public_html/wp-blog-header.php(19): require_once('/home/k/kiselev...')
#6 /home/k/kiselev983/vertt_ucreateweb_ru/public_html/index.php(17): require('/home/k/kiselev...')
#7 {main}
  thrown in /home/k/kiselev983/vertt_ucreateweb_ru/public_html/wp-content/themes/oceanwp-child/header.php on line 342

2023-06-07T13:46:54+00:00 CRITICAL Uncaught Error: Call to undefined function pods() in /home/k/kiselev983/vertt_ucreateweb_ru/public_html/wp-content/themes/oceanwp-child/header.php:342
Stack trace:
#0 /home/k/kiselev983/vertt_ucreateweb_ru/public_html/wp-includes/template.php(783): require_once()
#1 /home/k/kiselev983/vertt_ucreateweb_ru/public_html/wp-includes/template.php(718): load_template('/home/k/kiselev...', true, Array)
#2 /home/k/kiselev983/vertt_ucreateweb_ru/public_html/wp-includes/general-template.php(48): locate_template(Array, true, true, Array)
#3 /home/k/kiselev983/vertt_ucreateweb_ru/public_html/wp-content/themes/oceanwp-child/404.php(3): get_header()
#4 /home/k/kiselev983/vertt_ucreateweb_ru/public_html/wp-includes/template-loader.php(106): include('/home/k/kiselev...')
#5 /home/k/kiselev983/vertt_ucreateweb_ru/public_html/wp-blog-header.php(19): require_once('/home/k/kiselev...')
#6 /home/k/kiselev983/vertt_ucreateweb_ru/public_html/index.php(17): require('/home/k/kiselev...')
#7 {main}
  thrown in /home/k/kiselev983/vertt_ucreateweb_ru/public_html/wp-content/themes/oceanwp-child/header.php on line 342

2023-06-07T13:46:54+00:00 CRITICAL Uncaught Error: Call to undefined function pods() in /home/k/kiselev983/vertt_ucreateweb_ru/public_html/wp-content/themes/oceanwp-child/header.php:342
Stack trace:
#0 /home/k/kiselev983/vertt_ucreateweb_ru/public_html/wp-includes/template.php(783): require_once()
#1 /home/k/kiselev983/vertt_ucreateweb_ru/public_html/wp-includes/template.php(718): load_template('/home/k/kiselev...', true, Array)
#2 /home/k/kiselev983/vertt_ucreateweb_ru/public_html/wp-includes/general-template.php(48): locate_template(Array, true, true, Array)
#3 /home/k/kiselev983/vertt_ucreateweb_ru/public_html/wp-content/themes/oceanwp-child/404.php(3): get_header()
#4 /home/k/kiselev983/vertt_ucreateweb_ru/public_html/wp-includes/template-loader.php(106): include('/home/k/kiselev...')
#5 /home/k/kiselev983/vertt_ucreateweb_ru/public_html/wp-blog-header.php(19): require_once('/home/k/kiselev...')
#6 /home/k/kiselev983/vertt_ucreateweb_ru/public_html/index.php(17): require('/home/k/kiselev...')
#7 {main}
  thrown in /home/k/kiselev983/vertt_ucreateweb_ru/public_html/wp-content/themes/oceanwp-child/header.php on line 342

